<?xml version="1.0" encoding="UTF-8"?>
<!-- Generated by org.testng.reporters.JUnitXMLReporter -->
<testsuite ignored="0" hostname="DESKTOP-P28HKM6" failures="0" tests="2" name="FirefoxTest" time="12.18" errors="0" timestamp="2022-09-19T13:44:30 IST">
  <testcase classname="Pack6.TesNgirctc" name="@BeforeMethod beformethod" time="3.097">
    <failure type="org.openqa.selenium.ElementClickInterceptedException" message="Element &amp;lt;input class=&amp;quot;ng-tns-c57-8 ui-inputtext ui-widget ui-state-default ui-corner-all ui-autocomplete-input ng-star-inserted&amp;quot; type=&amp;quot;text&amp;quot;&amp;gt; is not clickable at point (261,319) because another element &amp;lt;iframe id=&amp;quot;html5Captcha&amp;quot; src=&amp;quot;https://irctclive.nlpcaptcha.in/index.php/media/gethtml5location/0F6C_QW0yRE5Ob1duRWRqc2dHby9pY1JzN0N6bGZmb09xS1U4bCtBUFZBOWprL2w5UzM0dWtZZEZ2VkhNcmxQdVFEeHM2alJOVnBKNmNYdkRVN3h4eGplK3c9PQ==/index?id=O_fcb270f49a5692e0&amp;amp;user=Q2hhbmRyYXB1cg==&amp;quot;&amp;gt; obscures it
Build info: version: &amp;apos;3.141.59&amp;apos;, revision: &amp;apos;e82be7d358&amp;apos;, time: &amp;apos;2018-11-14T08:17:03&amp;apos;
System info: host: &amp;apos;DESKTOP-P28HKM6&amp;apos;, ip: &amp;apos;192.168.43.68&amp;apos;, os.name: &amp;apos;Windows 10&amp;apos;, os.arch: &amp;apos;amd64&amp;apos;, os.version: &amp;apos;10.0&amp;apos;, java.version: &amp;apos;18.0.1.1&amp;apos;
Driver info: org.openqa.selenium.firefox.FirefoxDriver
Capabilities {acceptInsecureCerts: true, browserName: firefox, browserVersion: 104.0.2, javascriptEnabled: true, moz:accessibilityChecks: false, moz:buildID: 20220902153754, moz:geckodriverVersion: 0.31.0, moz:headless: false, moz:platformVersion: 10.0, moz:processID: 9732, moz:profile: C:\Users\Shree\AppData\Loca..., moz:shutdownTimeout: 60000, moz:useNonSpecCompliantPointerOrigin: false, moz:webdriverClick: true, moz:windowless: false, pageLoadStrategy: normal, platform: WINDOWS, platformName: WINDOWS, proxy: Proxy(), setWindowRect: true, strictFileInteractability: false, timeouts: {implicit: 0, pageLoad: 300000, script: 30000}, unhandledPromptBehavior: dismiss and notify}
Session ID: 1291e0bb-e127-4805-a758-c26844d262c9">
      <![CDATA[org.openqa.selenium.ElementClickInterceptedException: Element <input class="ng-tns-c57-8 ui-inputtext ui-widget ui-state-default ui-corner-all ui-autocomplete-input ng-star-inserted" type="text"> is not clickable at point (261,319) because another element <iframe id="html5Captcha" src="https://irctclive.nlpcaptcha.in/index.php/media/gethtml5location/0F6C_QW0yRE5Ob1duRWRqc2dHby9pY1JzN0N6bGZmb09xS1U4bCtBUFZBOWprL2w5UzM0dWtZZEZ2VkhNcmxQdVFEeHM2alJOVnBKNmNYdkRVN3h4eGplK3c9PQ==/index?id=O_fcb270f49a5692e0&user=Q2hhbmRyYXB1cg=="> obscures it
Build info: version: '3.141.59', revision: 'e82be7d358', time: '2018-11-14T08:17:03'
System info: host: 'DESKTOP-P28HKM6', ip: '192.168.43.68', os.name: 'Windows 10', os.arch: 'amd64', os.version: '10.0', java.version: '18.0.1.1'
Driver info: org.openqa.selenium.firefox.FirefoxDriver
Capabilities {acceptInsecureCerts: true, browserName: firefox, browserVersion: 104.0.2, javascriptEnabled: true, moz:accessibilityChecks: false, moz:buildID: 20220902153754, moz:geckodriverVersion: 0.31.0, moz:headless: false, moz:platformVersion: 10.0, moz:processID: 9732, moz:profile: C:\Users\Shree\AppData\Loca..., moz:shutdownTimeout: 60000, moz:useNonSpecCompliantPointerOrigin: false, moz:webdriverClick: true, moz:windowless: false, pageLoadStrategy: normal, platform: WINDOWS, platformName: WINDOWS, proxy: Proxy(), setWindowRect: true, strictFileInteractability: false, timeouts: {implicit: 0, pageLoad: 300000, script: 30000}, unhandledPromptBehavior: dismiss and notify}
Session ID: 1291e0bb-e127-4805-a758-c26844d262c9
at org.openqa.selenium.remote.http.W3CHttpResponseCodec.createException(W3CHttpResponseCodec.java:187)
at org.openqa.selenium.remote.http.W3CHttpResponseCodec.decode(W3CHttpResponseCodec.java:122)
at org.openqa.selenium.remote.http.W3CHttpResponseCodec.decode(W3CHttpResponseCodec.java:49)
at org.openqa.selenium.remote.HttpCommandExecutor.execute(HttpCommandExecutor.java:158)
at org.openqa.selenium.remote.service.DriverCommandExecutor.execute(DriverCommandExecutor.java:83)
at org.openqa.selenium.remote.RemoteWebDriver.execute(RemoteWebDriver.java:552)
at org.openqa.selenium.remote.RemoteWebElement.execute(RemoteWebElement.java:285)
at org.openqa.selenium.remote.RemoteWebElement.click(RemoteWebElement.java:84)
at org.openqa.selenium.support.pagefactory.internal.LocatingElementHandler.invoke(LocatingElementHandler.java:51)
at jdk.proxy2/jdk.proxy2.$Proxy17.click(Unknown Source)
at Pages.HomePageirctc.ticketbooking(HomePageirctc.java:52)
at Pack6.TesNgirctc.beformethod(TesNgirctc.java:60)
at java.base/java.util.ArrayList.forEach(ArrayList.java:1511)
... Removed 34 stack frames]]>
    </failure>
  </testcase> <!-- @BeforeMethod beformethod -->
  <testcase classname="Pack6.TesNgirctc" name="@AfterMethod aftermethod" time="-1.663575270814E9">
    <skipped/>
  </testcase> <!-- @AfterMethod aftermethod -->
  <testcase classname="Pack6.TesNgirctc" name="@BeforeMethod beformethod" time="-1.663575270821E9">
    <skipped/>
  </testcase> <!-- @BeforeMethod beformethod -->
  <testcase classname="Pack6.TesNgirctc" name="@AfterMethod aftermethod" time="-1.663575270835E9">
    <skipped/>
  </testcase> <!-- @AfterMethod aftermethod -->
  <testcase classname="Pack6.TesNgirctc" name="@AfterClass closeobject" time="-1.663575270841E9">
    <skipped/>
  </testcase> <!-- @AfterClass closeobject -->
  <testcase classname="Pack6.TesNgirctc" name="@AfterTest aftertest" time="-1.663575270848E9">
    <skipped/>
  </testcase> <!-- @AfterTest aftertest -->
  <testcase classname="Pack6.TesNgirctc" name="verifyrediobutton" time="0.0">
    <skipped/>
  </testcase> <!-- verifyrediobutton -->
  <testcase classname="Pack6.TesNgirctc" name="verifyselectdropdown" time="0.0">
    <skipped/>
  </testcase> <!-- verifyselectdropdown -->
</testsuite> <!-- FirefoxTest -->
